2016-03-29 16:14:27,411 [Thread-169:4410314752] [django.request:170] [base:get_response] [WARNING]- Not Found: /OnlineJudge/
2016-03-29 16:14:27,571 [Thread-170:4410314752] [django.request:170] [base:get_response] [WARNING]- Not Found: /favicon.ico
2016-03-29 16:14:31,803 [Thread-171:4410314752] [django.request:170] [base:get_response] [WARNING]- Not Found: /OnlineJudge/status
2016-03-29 16:20:14,314 [Thread-203:4410314752] [django.request:170] [base:get_response] [WARNING]- Not Found: /OnlineJudge/
2016-03-29 16:20:17,906 [Thread-204:4410314752] [django.request:170] [base:get_response] [WARNING]- Not Found: /OnlineJudge/problems
2016-03-29 16:27:11,095 [Thread-288:4410314752] [django.request:170] [base:get_response] [WARNING]- Not Found: /OnlineJudge/
2016-03-29 16:27:11,242 [Thread-289:4410314752] [django.request:170] [base:get_response] [WARNING]- Not Found: /favicon.ico
2016-03-29 16:27:27,065 [Thread-306:4410314752] [django.request:170] [base:get_response] [WARNING]- Not Found: /index/
2016-03-29 16:29:22,276 [Thread-330:4410314752] [django.request:170] [base:get_response] [WARNING]- Not Found: /problem/
2016-03-29 16:30:34,307 [Thread-342:4410314752] [django.request:170] [base:get_response] [WARNING]- Not Found: /OnlineJudge
2016-03-29 16:39:44,233 [Thread-388:4410314752] [django.request:170] [base:get_response] [WARNING]- Not Found: /OnlineJudge/login
2016-03-29 16:39:44,382 [Thread-389:4410314752] [django.request:170] [base:get_response] [WARNING]- Not Found: /favicon.ico
2016-03-29 16:39:50,296 [Thread-391:4421300224] [django.request:170] [base:get_response] [WARNING]- Not Found: /OnlineJudge
2016-03-29 17:26:47,296 [Thread-620:4410314752] [django.request:170] [base:get_response] [WARNING]- Not Found: /dropdownMenu1
2016-03-29 17:26:47,451 [Thread-621:4410314752] [django.request:170] [base:get_response] [WARNING]- Not Found: /favicon.ico
2016-03-29 17:37:05,712 [Thread-710:4425506816] [django.request:170] [base:get_response] [WARNING]- Not Found: /...
2016-03-29 17:37:05,816 [Thread-711:4410314752] [django.request:170] [base:get_response] [WARNING]- Not Found: /...
2016-03-29 17:37:24,714 [Thread-715:4421300224] [django.request:170] [base:get_response] [WARNING]- Not Found: /...
2016-03-29 17:37:24,783 [Thread-716:4410314752] [django.request:170] [base:get_response] [WARNING]- Not Found: /...
2016-03-29 17:40:39,054 [Thread-720:4421300224] [django.request:170] [base:get_response] [WARNING]- Not Found: /...
2016-03-29 17:40:39,170 [Thread-721:4410314752] [django.request:170] [base:get_response] [WARNING]- Not Found: /...
2016-03-29 17:48:19,297 [Thread-755:4410314752] [django.request:256] [base:handle_uncaught_exception] [ERROR]- Internal Server Error: /
Traceback (most recent call last):
  File "/Library/Python/2.7/site-packages/django/core/handlers/base.py", line 132, in get_response
    response = wrapped_callback(request, *callback_args, **callback_kwargs)
  File "/Users/cao_yu/OnlineJudge/account/views.py", line 79, in index_page
    return render(request, "oj/index.html")
  File "/Library/Python/2.7/site-packages/django/shortcuts.py", line 67, in render
    template_name, context, request=request, using=using)
  File "/Library/Python/2.7/site-packages/django/template/loader.py", line 98, in render_to_string
    template = get_template(template_name, using=using)
  File "/Library/Python/2.7/site-packages/django/template/loader.py", line 35, in get_template
    return engine.get_template(template_name, dirs)
  File "/Library/Python/2.7/site-packages/django/template/backends/django.py", line 30, in get_template
    return Template(self.engine.get_template(template_name, dirs))
  File "/Library/Python/2.7/site-packages/django/template/engine.py", line 167, in get_template
    template, origin = self.find_template(template_name, dirs)
  File "/Library/Python/2.7/site-packages/django/template/engine.py", line 141, in find_template
    source, display_name = loader(name, dirs)
  File "/Library/Python/2.7/site-packages/django/template/loaders/base.py", line 13, in __call__
    return self.load_template(template_name, template_dirs)
  File "/Library/Python/2.7/site-packages/django/template/loaders/base.py", line 23, in load_template
    template = Template(source, origin, template_name, self.engine)
  File "/Library/Python/2.7/site-packages/django/template/base.py", line 190, in __init__
    self.nodelist = engine.compile_string(template_string, origin)
  File "/Library/Python/2.7/site-packages/django/template/engine.py", line 261, in compile_string
    return parser.parse()
  File "/Library/Python/2.7/site-packages/django/template/base.py", line 339, in parse
    self.invalid_block_tag(token, command, parse_until)
  File "/Library/Python/2.7/site-packages/django/template/base.py", line 395, in invalid_block_tag
    raise self.error(token, "Invalid block tag: '%s'" % command)
TemplateSyntaxError: Invalid block tag: 'static'
2016-03-29 19:12:00,138 [Thread-129:4549001216] [django.request:170] [base:get_response] [WARNING]- Not Found: /...
2016-03-29 19:12:00,221 [Thread-130:4549001216] [django.request:170] [base:get_response] [WARNING]- Not Found: /...
2016-03-29 19:12:41,380 [Thread-137:4549001216] [django.request:170] [base:get_response] [WARNING]- Not Found: /...
2016-03-29 19:12:41,516 [Thread-138:4549001216] [django.request:170] [base:get_response] [WARNING]- Not Found: /...
2016-03-29 19:14:14,769 [Thread-142:4549001216] [django.request:170] [base:get_response] [WARNING]- Not Found: /...
2016-03-29 19:14:14,933 [Thread-143:4549001216] [django.request:170] [base:get_response] [WARNING]- Not Found: /...
2016-03-29 19:19:48,573 [Thread-148:4549001216] [django.request:170] [base:get_response] [WARNING]- Not Found: /...
2016-03-29 19:19:48,717 [Thread-150:4553469952] [django.request:170] [base:get_response] [WARNING]- Not Found: /...
2016-03-29 19:19:50,647 [Thread-155:4549001216] [django.request:170] [base:get_response] [WARNING]- Not Found: /...
2016-03-29 19:24:51,244 [Thread-162:4549001216] [django.request:170] [base:get_response] [WARNING]- Not Found: /...
2016-03-29 19:24:51,413 [Thread-164:4549001216] [django.request:170] [base:get_response] [WARNING]- Not Found: /...
